20250518	16:20:16	d1172555-e6bc-4ada-ac0d-fe036e6fa573	MongooseError: Operation `users.find()` buffering timed out after 10000ms	GET	/users	undefined
20250518	16:20:41	758fc8f5-44d6-4d12-8d91-bf39e9c82281	MongooseError: Operation `users.find()` buffering timed out after 10000ms	GET	/users	undefined
20250518	16:26:42	9e7db903-c1e7-4290-ba73-5ff53aea25fa	MongooseError: Operation `users.find()` buffering timed out after 10000ms	GET	/users	undefined
20250518	16:28:35	a5f42ffd-ecd2-48dd-b7e7-29b696002472	MongooseError: Operation `users.find()` buffering timed out after 10000ms	GET	/users	undefined
20250518	16:30:47	bcc9f232-1734-456f-83aa-5e80b9f3b8a0	MongooseError: Operation `users.find()` buffering timed out after 10000ms	GET	/users	undefined
20250518	16:32:20	0291a2ce-a5af-4672-b962-e0c20ea9e552	MongooseError: Operation `users.find()` buffering timed out after 10000ms	GET	/users	undefined
20250518	16:46:14	7873cf90-8e81-43b9-82c5-ed5761fcf090	TypeError: Cannot destructure property 'username' of 'req.body' as it is undefined.	POST	/users?username=%22CarranzaXav%22&password=1107	undefined
20250518	16:46:27	f38a8395-1fd5-4348-9595-832335868087	TypeError: Cannot destructure property 'username' of 'req.body' as it is undefined.	POST	/users?username=CarranzaXav&password=1107	undefined
20250518	16:46:44	7fec319f-121d-4155-a05f-dead5a2287ae	TypeError: Cannot destructure property 'username' of 'req.body' as it is undefined.	POST	/users?%22username%22=%22CarranzaXav%22&password=1107	undefined
20250518	16:47:04	548ace46-8f44-4d91-bc47-8b69d1bf3368	TypeError: Cannot destructure property 'username' of 'req.body' as it is undefined.	POST	/users?%22username%22=%22CarranzaXav%22&%22password%22=1107	undefined
20250518	16:50:30	ee20fbb8-e23d-4782-8747-ace07daccb82	TypeError: Cannot destructure property 'username' of 'req.body' as it is undefined.	POST	/users?%22username%22=%22CarranzaXav%22&%22password%22=1107	undefined
20250518	16:51:59	25c32a10-aae0-46fe-add1-04a83c361aa3	TypeError: Cannot destructure property 'username' of 'req.body' as it is undefined.	POST	/users?%22username%22=%22CarranzaXav%22&%22password%22=1107	undefined
20250518	16:52:29	4ad6bab6-ec93-4e23-aefc-01dcc4fd149b	TypeError: Cannot destructure property 'username' of 'req.body' as it is undefined.	POST	/users?%22username%22=%22CarranzaXav%22&%22password%22=1107	undefined
20250518	16:55:14	39ec9e4d-3fbc-4cd3-8335-d290a3b90693	TypeError: Cannot destructure property 'username' of 'req.body' as it is undefined.	POST	/users?username=%22CarranzaXav%22&%22password%22=1107	undefined
20250518	16:56:40	1f86fcd1-0651-42f9-9121-4a893ce8d551	Error: data must be a string or Buffer and salt must either be a salt string or a number of rounds	POST	/users	undefined
20250518	16:56:54	af008a26-a9b9-4443-9bfc-ac39df281910	ReferenceError: roles is not defined	POST	/users	undefined
20250518	16:57:22	7b0cb38a-cbad-476e-8390-9cd2441f9df2	ValidationError: User validation failed: password: Cast to Number failed for value "$2b$10$QhcQNsZJEEzU2DYGyIzAM.lB/T8ySot6SKXXZXFP77ufcXpSZsveS" (type string) at path "password"	POST	/users	undefined
20250518	16:57:35	a7a59664-9289-4acf-9407-b3615b2f0a05	Error: data must be a string or Buffer and salt must either be a salt string or a number of rounds	POST	/users	undefined
20250518	16:59:34	7ae52b45-8e26-446b-b50c-60ba14e26a9e	ReferenceError: roles is not defined	PATCH	/users	undefined
20250518	17:06:51	efe6dec5-0463-4890-b0b3-d89e59c65fe6	ValidationError: User validation failed: password: Cast to Number failed for value "$2b$10$Ql.LAMaUr628lDXYPnxTN.8QMWq8pWptbdLJBEbgUIGTulHBgaSXe" (type string) at path "password"	PATCH	/users	undefined
20250518	17:07:23	92cd63c1-30cd-44ee-9ebd-69de09a2cfd4	Error: data must be a string or Buffer and salt must either be a salt string or a number of rounds	PATCH	/users	undefined
20250518	17:27:14	b57796df-5475-4569-adb6-ff4d8be7ec31	SyntaxError: Unexpected token , in JSON at position 106	GET	/recipes	undefined
20250518	17:31:30	d6f49867-433a-4a62-8769-9eb52e66acdc	SyntaxError: Unexpected token , in JSON at position 106	POST	/recipes	undefined
20250518	17:35:38	8a2460f9-f7e9-4d78-b5b1-faacd49ce505	SyntaxError: Unexpected token , in JSON at position 105	POST	/recipes	undefined
20250518	17:35:45	56c5ed03-958d-493d-8bd1-b82e2b341a45	SyntaxError: Unexpected token , in JSON at position 107	POST	/recipes	undefined
20250518	17:50:35	7a6265a3-8b74-42c5-8c9d-f7b41dfd6703	ReferenceError: id is not defined	PATCH	/recipes	undefined
20250518	17:52:49	da4bc00d-b65a-4e9c-898f-5533d125174b	ReferenceError: id is not defined	PATCH	/recipes	undefined
20250518	17:53:28	0bcc76cd-3130-421e-98ca-a291a4341120	ReferenceError: id is not defined	PATCH	/recipes	undefined
20250518	17:53:33	1f6df147-9820-40aa-8f38-3d92547c2f69	ReferenceError: id is not defined	PATCH	/recipes	undefined
20250519	23:17:16	ba0c1131-b26c-4a2a-aec7-f3cd9f405558	ValidationError: User validation failed: role: Cast to string failed for value "[ 'Standard' ]" (type Array) at path "role"	PATCH	/users	undefined
20250523	09:24:07	c1360b11-749c-4644-a666-cf0cf90bf7c4	MongoServerSelectionError: getaddrinfo ENOTFOUND ac-dkan9cx-shard-00-00.6ofgv3t.mongodb.net	GET	/recipes	http://localhost:5173
20250528	11:27:43	b1da3bf8-f6cd-4091-acad-334cff020cca	ValidationError: Recipe validation failed: user: Path `user` is required.	PATCH	/recipes	http://localhost:5173
20250602	22:05:04	b09dd619-e17e-4bb6-b3d3-0aee7798b061	ValidationError: User validation failed: phone: Path `phone` is required.	PATCH	/users	undefined
20250602	22:05:48	0fcebe20-7a16-40ff-a59d-c1fe75542e81	ValidationError: User validation failed: phone: Path `phone` is required.	PATCH	/users	undefined
20250602	22:06:06	8857993e-4ad3-4bef-9a3e-f71c07500495	ValidationError: User validation failed: phone: Path `phone` is required.	PATCH	/users	undefined
20250604	16:55:31	d6f72137-e989-418c-a367-15554ab2b47e	ReferenceError: active is not defined	PATCH	/users	http://localhost:5173
20250604	17:04:14	e793189f-05a1-427f-a503-bb9c4ee2660a	ReferenceError: active is not defined	PATCH	/users	http://localhost:5173
20250605	09:11:35	a6b67b20-392d-4b69-959f-405db08a4637	ReferenceError: active is not defined	PATCH	/users	http://localhost:5173
20250605	09:40:32	031692e8-2721-4af4-90b2-f947759c79ff	ValidationError: Recipe validation failed: user: Cast to ObjectId failed for value "AshleyCarranza" (type string) at path "user" because of "BSONError"	POST	/recipes	http://localhost:5173
20250605	09:41:07	b3169be0-30d3-422d-9359-dcdf1950b70e	ValidationError: Recipe validation failed: user: Cast to ObjectId failed for value "AshleyCarranza" (type string) at path "user" because of "BSONError"	POST	/recipes	http://localhost:5173
20250605	09:43:00	6c3d9672-60dc-4d5a-87b8-ad3d5a9a5fa6	ValidationError: Recipe validation failed: user: Cast to ObjectId failed for value "AshleyCarranza" (type string) at path "user" because of "BSONError"	POST	/recipes	http://localhost:5173
20250605	09:44:28	2ed3d733-4106-40e0-a404-df11d0fbaf4c	ValidationError: Recipe validation failed: user: Cast to ObjectId failed for value "AshleyCarranza" (type string) at path "user" because of "BSONError"	POST	/recipes	http://localhost:5173
20250608	22:50:29	70f7eccf-06c2-4055-b1cb-2d666beb9f82	ReferenceError: result is not defined	PATCH	/recipes	http://localhost:5173
20250608	22:50:35	0b700bb4-8bb3-4f4a-ad03-a732e306c0f7	ReferenceError: result is not defined	PATCH	/recipes	http://localhost:5173
20250608	22:50:48	ce596afb-a745-4896-8d3e-e41ed7d81b8e	ReferenceError: result is not defined	PATCH	/recipes	http://localhost:5173
20250608	22:50:59	0ed865ad-f1b3-4b1d-80b2-4cef0bd04ce0	ReferenceError: result is not defined	PATCH	/recipes	http://localhost:5173
20250608	22:51:06	792532e6-eec1-447b-a8ab-f963d59b4134	ReferenceError: result is not defined	PATCH	/recipes	http://localhost:5173
20250608	22:51:10	1a64c880-3033-4ae0-9011-12df2e1792f0	ReferenceError: result is not defined	PATCH	/recipes	http://localhost:5173
20250608	22:57:26	9bfcb050-24fb-4990-99bc-0f1d7337979e	ReferenceError: result is not defined	PATCH	/recipes	http://localhost:5173
20250630	23:56:34	c6f869ae-b06a-437d-8db9-7a40e8f98dfc	TypeError: Cannot read properties of null (reading 'username')	GET	/recipes	http://localhost:5173
20250630	23:57:12	75f3ae4f-436f-4aab-b1e0-af0b453ef37f	TypeError: Cannot read properties of null (reading 'username')	GET	/recipes	http://localhost:5173
20250630	23:57:27	d4149c9b-bcc1-45ad-bea9-f2b90621f5ac	TypeError: Cannot read properties of null (reading 'username')	GET	/recipes	http://localhost:5173
20250630	23:59:07	87c7a4cf-6324-43f4-887c-921e427fd0bb	TypeError: Cannot read properties of null (reading 'username')	GET	/recipes	http://localhost:5173
20250630	23:59:46	c6c7cd3b-4f11-47e9-92f3-570287d0d281	TypeError: Cannot read properties of null (reading 'username')	GET	/recipes	undefined
20250701	00:02:30	4bf3ee42-f840-4a93-9a07-f85c27259440	TypeError: Cannot read properties of null (reading 'username')	GET	/recipes	undefined
20250701	00:02:33	5ee67351-9ecb-4351-87c5-f9d107c5e121	TypeError: Cannot read properties of null (reading 'username')	GET	/recipes	undefined
20250701	00:03:50	42ae2618-437c-48fa-9686-9b7ebf5d11fa	TypeError: Cannot read properties of null (reading 'username')	GET	/recipes	http://localhost:5173
20250701	00:04:05	b152b44b-e9f4-4753-a6b9-594becf7c311	TypeError: Cannot read properties of null (reading 'username')	GET	/recipes	http://localhost:5173
20250701	00:07:52	753f4ed6-e49f-4a0f-b653-fb49ba8f9c78	TypeError: Cannot read properties of null (reading 'username')	GET	/recipes	undefined
20250719	22:49:35	3f6ab97c-c2bd-4847-b3f1-9892c488f51e	ValidationError: Recipe validation failed: photo: Cast to string failed for value "{
  '@type': 'ImageObject',
  url: 'https://www.allrecipes.com/thmb/AalxQlIAcGzwyONFjXzAzCtho6o=/1500x0/filters:no_upscale():max_bytes(150000):strip_icc()/8349113-garlic-chicken-fried-chicken-Tacita-Lady_T-Beautiful-1x1-1-434fa1b59efc48db9a0a351322e3f45a.jpg',
  height: 1500,
  width: 1500
}" (type Object) at path "photo"	POST	/recipes	http://localhost:5173
20250721	23:37:44	e9058269-ebbb-4d35-beb5-5ea2f7857e43	ValidationError: Recipe validation failed: photo: Cast to embedded failed for value "https://hips.hearstapps.com/hmg-prod/images/bbq-lime-chicken-lead-670ea6290bd78.jpg?crop=1xw:1xh;center,top&resize=640:*" (type string) at path "photo" because of "ObjectParameterError"	PATCH	/recipes	http://localhost:5173
20250721	23:38:42	2dcbe68f-6a2a-4d0c-9f28-efcf0f8f2703	ValidationError: Recipe validation failed: photo: Cast to embedded failed for value "https://hips.hearstapps.com/hmg-prod/images/bbq-lime-chicken-lead-670ea6290bd78.jpg?crop=1xw:1xh;center,top&resize=640:*" (type string) at path "photo" because of "ObjectParameterError"	PATCH	/recipes	http://localhost:5173
20250723	23:04:53	b0fd9b09-ed1a-487f-9384-549a20c0a58b	ValidationError: Recipe validation failed: photo: Cast to embedded failed for value "C:\\fakepath\\recipeKeeperLoader.svg" (type string) at path "photo" because of "ObjectParameterError"	PATCH	/recipes	http://localhost:5173
20250723	23:10:19	7bd0284c-26de-47e9-b854-7dbfb64f555a	ValidationError: Recipe validation failed: photo: Cast to embedded failed for value "C:\\fakepath\\recipeKeeperLoader.svg" (type string) at path "photo" because of "ObjectParameterError"	PATCH	/recipes	http://localhost:5173
20250728	22:06:21	ab4876cf-6e32-4645-861e-249fefac0173	ValidationError: Recipe validation failed: photo: Parameter "obj" to Document() must be an object, got "" (type string)	PATCH	/recipes	http://localhost:5173
20250728	23:08:24	fe755c99-9d5e-48a0-99f6-2fa98bb83120	TypeError: Cannot read properties of undefined (reading 'map')	POST	/recipes	http://localhost:5173
