20250518	16:20:05	b9a29a17-28e4-46f3-9d7b-dee4505c7f2a	GET	/users	undefined
20250518	16:20:31	343c3253-75b7-452d-8f1d-dfb3234e08c5	GET	/users	undefined
20250518	16:26:32	1f2f6d11-53e5-45f3-a588-d4717e36abd3	GET	/users	undefined
20250518	16:28:24	da1c9f2a-df57-437f-a399-09603528631a	GET	/users	undefined
20250518	16:30:37	328118f8-6b81-49c2-b9cc-a95b9c6c4884	GET	/users	undefined
20250518	16:32:10	ec0450fc-6732-4387-bbca-be97a46f9601	GET	/users	undefined
20250518	16:43:27	1e3948ac-70b2-4e25-8e08-e7d56435b932	GET	/users	undefined
20250518	16:46:14	f6eb6506-a1b1-49a7-9d5a-c4c4246251a1	POST	/users?username=%22CarranzaXav%22&password=1107	undefined
20250518	16:46:27	b1bef40b-e818-4ce9-94e7-f0f9ae363909	POST	/users?username=CarranzaXav&password=1107	undefined
20250518	16:46:44	2babf3c5-b491-4201-873f-4b7381a4a16c	POST	/users?%22username%22=%22CarranzaXav%22&password=1107	undefined
20250518	16:47:04	d5fa8f88-df08-45cd-b514-bc2e81458550	POST	/users?%22username%22=%22CarranzaXav%22&%22password%22=1107	undefined
20250518	16:50:22	f37df708-6e3a-4287-a641-fcf31d32d7d8	GET	/users	undefined
20250518	16:50:30	f97e6f55-6324-4a5d-ab6e-d5226fbbeab2	POST	/users?%22username%22=%22CarranzaXav%22&%22password%22=1107	undefined
20250518	16:51:59	b28682d6-dd38-4597-9775-57d90925cdf2	POST	/users?%22username%22=%22CarranzaXav%22&%22password%22=1107	undefined
20250518	16:52:29	3fa165dd-febb-4318-926c-a22211a7a336	POST	/users?%22username%22=%22CarranzaXav%22&%22password%22=1107	undefined
20250518	16:55:14	f86578bc-03eb-4b4f-bc3c-74cc152e39a7	POST	/users?username=%22CarranzaXav%22&%22password%22=1107	undefined
20250518	16:56:39	a6e80555-1bea-453e-81a6-ff97038272a4	POST	/users	undefined
20250518	16:56:54	f05aa003-0c44-46da-84d7-aac32d5d9ac1	POST	/users	undefined
20250518	16:57:21	5ba04341-d27a-43d3-9bf3-ab6f988b619e	POST	/users	undefined
20250518	16:57:35	17c24fbf-ed96-4a8d-8ff9-a1aa5d44850d	POST	/users	undefined
20250518	16:58:09	01b5148f-c3ba-48d8-b3a1-71c4b7cc85e6	POST	/users	undefined
20250518	16:58:19	02ec122e-553a-43b4-9882-f4d72d73b22f	GET	/users	undefined
20250518	16:58:41	f82a6665-3e7b-44c9-a3f0-effd428276a5	PUT	/users	undefined
20250518	16:58:51	0685e453-85ea-44c7-9009-4e9fce80b538	GET	/users	undefined
20250518	16:59:04	3bb450e8-83a2-4e0b-b8d9-94171f8ead3f	GET	/users	undefined
20250518	16:59:08	170bb7da-f87e-412f-98b3-77af7e484f29	PUT	/users	undefined
20250518	16:59:13	d0c88ceb-b35c-45c3-b1d6-c3c11222d406	PUT	/users	undefined
20250518	16:59:34	7c99c879-72ce-4578-b7d3-27e234351240	PATCH	/users	undefined
20250518	16:59:58	888e87e0-88bf-4a92-9b0c-191aa927cb6f	PATCH	/users	undefined
20250518	17:00:04	029eea33-e17d-41b5-ad81-98cacbba3f7d	PATCH	/users	undefined
20250518	17:06:51	cda7288b-8865-495a-96fa-73ead8664e3b	PATCH	/users	undefined
20250518	17:07:22	5f192508-ba03-44bb-ae0d-2d93d40ee329	PATCH	/users	undefined
20250518	17:12:13	a829b4b4-3ec6-42a7-96ff-4dad3754b85e	PATCH	/users	undefined
20250518	17:12:33	0ef37144-f7c0-4884-b864-072b3b6ce595	DELETE	/users	undefined
20250518	17:12:47	f09bdec7-3692-45fb-ad4f-12184dfdabb2	DELETE	/users	undefined
20250518	17:12:53	41c8ea1f-2db7-4312-8113-986eddc72dff	GET	/users	undefined
20250518	17:13:14	2695fa5f-4267-4ce8-80db-ca0be926f524	POST	/users	undefined
20250518	17:13:23	4ae6c3bc-8b28-4f2d-bbbe-caa8bdade92e	GET	/users	undefined
20250518	17:16:57	92460365-6267-475a-a806-5848445e6a63	GET	/recipes	undefined
20250518	17:27:14	34fcb1f3-2f77-420d-91a9-5cc9a25b2339	GET	/recipes	undefined
20250518	17:31:30	0ea96802-6923-4ac4-a6f5-911ca49a1ef7	POST	/recipes	undefined
20250518	17:35:38	6f717ef5-6b8d-48cb-bc49-d2dc5f90a77e	POST	/recipes	undefined
20250518	17:35:45	41437f1f-3aa3-467b-92c9-78fe38292157	POST	/recipes	undefined
20250518	17:39:33	614f1ec5-dbc9-41ff-b168-5cd366c14a1c	POST	/recipes	undefined
20250518	17:40:06	6169bb40-709d-4575-8310-6cc894310501	POST	/recipes	undefined
20250518	17:40:21	5d784e4e-3e41-4dbd-9844-874fcb41ffbd	POST	/recipes	undefined
20250518	17:47:55	012379c6-4fa2-480e-842c-7be93e8ef105	POST	/recipes	undefined
20250518	17:48:46	fb766a39-b737-40fb-8524-4c4e632ab7da	POST	/recipes	undefined
20250518	17:49:17	cd80535f-bb1e-4aae-ac7d-76abb1466e73	POST	/recipes	undefined
20250518	17:49:24	f312e03c-f8bc-4e7d-b8bd-04aa754196c1	GET	/recipes	undefined
20250518	17:50:35	38c42b0d-5b82-443b-91ae-d053e1762cb3	PATCH	/recipes	undefined
20250518	17:51:01	04957558-efef-48aa-b3bd-5fabcaa08870	GET	/recipes	undefined
20250518	17:52:38	bd7ff383-b49d-41a0-b62f-747d871b5b66	GET	/recipes	undefined
20250518	17:52:49	afcdb61c-98b7-4606-80a1-85ef6b80500a	PATCH	/recipes	undefined
20250518	17:53:08	3e33248e-72d3-4f7d-ac88-dca0836cbd88	GET	/recipes	undefined
20250518	17:53:24	e46869c8-d51a-46dd-abbf-5635bcadf239	GET	/recipes	undefined
20250518	17:53:28	7b88f69c-6547-4906-bf30-d8c6ba01a970	PATCH	/recipes	undefined
20250518	17:53:33	81674227-f323-4c46-811a-a5ad02275380	PATCH	/recipes	undefined
20250518	17:54:16	e1da7542-f685-419c-8aa5-bc254645edc7	PATCH	/recipes	undefined
20250518	17:54:59	84bf7a37-d795-4455-8399-d96378ca8ce4	PATCH	/recipes	undefined
20250518	17:55:02	f2ced6bd-3d48-407b-b663-eec359b004ac	PATCH	/recipes	undefined
20250518	17:55:34	12823a2d-1f77-4cad-aee1-2945624f56fd	PATCH	/recipes	undefined
20250518	17:55:40	00e730eb-ae26-49dd-ae5d-ba5433338f0b	GET	/recipes	undefined
20250519	23:15:12	f43326c0-3b0f-4d87-b715-b237ab52a391	GET	/users	undefined
20250519	23:16:05	ca2be96f-da8c-4515-bd22-a77b855cdaf3	GET	/users	undefined
20250519	23:16:14	d341961d-1ef5-40bb-82e6-a56360286155	PATCH	/users	undefined
20250519	23:16:19	3c460f18-d8b9-4988-bb1d-69a78cf8896c	GET	/users	undefined
20250519	23:17:07	781a2a4d-cac7-4495-b0ed-0826e42ffce0	GET	/users	undefined
20250519	23:17:16	079b9177-59f8-4e18-892c-b1ff7421d932	PATCH	/users	undefined
20250519	23:17:40	87599c50-16fc-4b91-924f-8e87ee7f4372	PATCH	/users	undefined
20250519	23:17:46	a8b87b6d-23fa-4dbb-b4f1-d2208422ea72	GET	/users	undefined
20250519	23:18:22	869141bc-07f9-4814-9c98-bd40dc2049ea	GET	/users	undefined
20250519	23:18:28	2be9fec4-0a0c-4008-9a98-23e73a774e1b	PATCH	/users	undefined
20250519	23:18:32	a517cff7-3707-4cfe-bdb0-462051f41fca	GET	/users	undefined
20250519	23:22:41	becca4c0-909e-428d-abdb-8bb6b861a562	GET	/users	undefined
20250519	23:22:49	4237d931-8e2f-4fac-a405-8c0ed88294ce	PATCH	/users	undefined
20250519	23:23:21	2f3ab6db-f89f-4387-930b-cb792486c6ef	PATCH	/users	undefined
20250519	23:23:27	02c1064e-68b7-45ba-ad63-adf336352060	GET	/users	undefined
20250519	23:25:29	289b6652-efba-481f-aceb-a3835c1bf02f	PATCH	/users	undefined
20250519	23:25:35	6e477656-4062-46b5-aebe-4595f6608edb	GET	/users	undefined
20250520	09:04:07	ec631b41-60db-4144-a01e-726ec70b8398	GET	/users	undefined
20250521	17:09:12	b656e9ca-3498-48c5-b708-c95d4dfd3b0f	GET	/users	http://localhost:5173
20250521	17:10:39	2ca9c055-8ede-46da-8b21-a2e2c08f84b8	GET	/users	http://localhost:5173
20250521	17:10:52	b09bbef6-c28d-4547-ba01-b0505573769f	GET	/users	undefined
20250521	17:13:29	3af23773-dafc-4a18-bc42-b904ecc06e7f	GET	/users	http://localhost:5173
20250521	21:47:31	03ff4a0b-cd42-4357-8392-af8fa2a45950	GET	/users	http://localhost:5173
20250521	21:50:14	9576f633-f233-4e69-82d5-30fe060d230e	GET	/users	undefined
20250521	22:03:41	5168071d-3f4e-46cc-bd1f-02a0b8164e29	GET	/users	http://localhost:5173
20250521	22:21:15	7a554e54-2fc3-49ca-8bfe-9b94e32cd729	GET	/users	http://localhost:5173
20250521	22:27:19	d78e0332-becc-49ce-82b7-658a61f99723	GET	/users	http://localhost:5173
20250521	22:36:46	fb0a1741-5920-485b-b310-a1cf38c88f58	GET	/users	http://localhost:5173
20250521	23:07:48	8bda1815-6c0d-4128-828d-a8362f823059	GET	/users	http://localhost:5173
20250521	23:16:41	027bc8f2-f283-498e-b483-1e82f3d1d331	GET	/users	http://localhost:5173
20250522	16:15:38	259c05ea-050a-4230-920f-8673f730d34b	GET	/users	http://localhost:5173
20250522	16:27:07	fe500ff4-2425-4bb6-9256-137f73f9d513	GET	/users	http://localhost:5173
20250522	16:28:36	40405151-321a-4277-98df-71ce36ad617c	GET	/users	http://localhost:5173
20250522	16:50:03	ef94120a-3b3f-4542-b580-0bfb3c924e86	GET	/users	http://localhost:5173
20250522	16:50:34	0742952d-6ba0-42c0-b9ab-d1c2054454bd	GET	/users	http://localhost:5173
20250522	17:17:58	baa7a602-f969-4dd8-831b-41bd864eb6ae	GET	/recipes	http://localhost:5173
20250522	17:18:32	e19883fc-201e-49df-8882-8b8983f6955f	GET	/recipes	undefined
20250523	09:23:37	dd22d1aa-5856-47c1-8e66-6249755da488	GET	/recipes	http://localhost:5173
20250523	09:24:18	2aa09c84-00a8-4a15-a9d3-60b8343603cb	GET	/recipes	undefined
20250523	09:24:46	496fab68-41cf-46ca-af20-0bb376a6accd	GET	/recipes	http://localhost:5173
20250524	16:54:35	4bf8e866-c3be-47c1-abc0-00a51c1e554c	GET	/recipes	http://localhost:5173
20250524	17:03:37	2b799d5b-1c5d-4473-bef1-18b2c0cf4f51	GET	/recipes	http://localhost:5173
20250524	17:45:12	20c3bc7d-b687-472b-bc3f-78944876b18d	GET	/recipes	http://localhost:5173
20250524	17:51:40	72c25f0a-6918-4422-b754-a58145b5549e	GET	/recipes	http://localhost:5173
20250524	17:52:21	ef8e113c-c557-4010-878d-9ed076ec4d84	GET	/recipes	http://localhost:5173
20250524	17:52:30	674f9092-5393-405b-a8ab-f94de60e417c	GET	/recipes	http://localhost:5173
20250524	18:03:50	9303445a-f4e2-418a-9673-312dbc890989	GET	/recipes	http://localhost:5173
20250524	18:12:38	6a647e3b-b081-47de-9b1f-664f88ffce13	GET	/recipes	http://localhost:5173
20250524	18:15:01	c5dac510-419d-4ebe-9104-f150a58a3584	GET	/recipes	http://localhost:5173
20250524	18:15:46	43cbed6a-a1b2-4a98-a2a1-4047fea41e93	GET	/recipes	http://localhost:5173
20250524	18:15:54	47b5d02b-6d49-4c70-a5e2-0867c24d3d73	GET	/recipes	http://localhost:5173
20250524	18:17:29	067d36e7-62a3-4fee-94e5-ce0017f96117	GET	/recipes	http://localhost:5173
20250524	18:18:18	15a1886d-271d-4cb7-80b1-0a96ae60eeb0	GET	/recipes	http://localhost:5173
20250525	21:03:48	2fa8e21f-487f-4ff5-a465-3ff4e9768fe7	GET	/recipes	http://localhost:5173
20250525	21:04:33	23901a12-328a-43e3-bf2d-4967da2ad920	GET	/recipes	http://localhost:5173
20250525	21:09:03	a5645907-77cd-4672-98fe-945137fa5736	GET	/recipes/682a55dd5c2a6bcf20d46c87	undefined
20250525	21:09:08	a422092e-4e3a-484c-8c5c-e31f7ef0e897	GET	/recipes/682a55dd5c2a6bcf20d46c87	undefined
20250525	21:15:16	3b3bb9c4-a5eb-460f-8e6a-0435a032da7d	GET	/recipes	http://localhost:5173
20250525	21:15:29	85d4c09a-ec18-4e8f-be96-d63c6f94e975	GET	/recipes	http://localhost:5173
20250525	21:15:31	1a06db01-d187-4ade-b41a-bed595062c6b	GET	/recipes	http://localhost:5173
20250525	21:16:12	1ed80c37-3772-46e3-9be2-b5c2cfede717	GET	/recipes	http://localhost:5173
20250525	21:16:35	9769d88b-57a5-4e3e-95dc-7131b92d5799	GET	/recipes	http://localhost:5173
20250525	21:17:22	87f4b532-f763-4253-96ab-d6d0f58e1be6	GET	/recipes	http://localhost:5173
20250525	21:17:24	6100b164-0758-4b9c-a253-b1581b78d4f6	GET	/recipes	http://localhost:5173
20250525	21:17:32	674704f9-31c0-42fc-bcaf-6b5013d60f7c	GET	/recipes	http://localhost:5173
20250525	21:25:36	2879f116-64b3-4e70-b121-adc74a99a628	GET	/recipes	http://localhost:5173
20250525	21:27:58	32ccafbb-f19f-46e2-af5a-be24c1f8c196	GET	/recipes	http://localhost:5173
20250526	13:45:36	46f52e4e-7dc9-4e53-9f8f-e41fd888a274	GET	/recipes/682a55dd5c2a6bcf20d46c87	undefined
20250526	15:07:15	315bdb34-f960-4c9b-9753-bcc9a3743c5c	GET	/recipes	http://localhost:5173
20250526	15:09:08	fafa010e-6b4c-4160-abd0-b58f3533ba3b	GET	/users	http://localhost:5173
20250526	21:58:57	f7fdb96e-1147-411c-a679-5a11c139cc51	GET	/users	http://localhost:5173
20250526	22:43:00	f9650765-dd5f-4c7f-9091-8154fc94e22b	GET	/users	http://localhost:5173
20250526	23:27:14	7f8ea543-0724-4225-a89f-84b128072472	GET	/recipes	http://localhost:5173
20250526	23:27:20	c0da3344-b2d5-46ba-8d16-d97564ee266f	GET	/users	http://localhost:5173
20250526	23:28:46	0e98326c-a10a-4daa-a116-0f91784f3023	GET	/recipes	http://localhost:5173
20250527	00:04:06	195cd19e-cd1d-4333-9cf2-df42a8fa2167	GET	/users	http://localhost:5173
20250527	00:04:19	a81d42ea-e8ac-4500-ad3f-f2e433a1c1b5	GET	/users	http://localhost:5173
20250527	07:43:25	cf6a2d78-4b4a-477a-a740-16c24db0fc7d	GET	/users	http://localhost:5173
20250527	07:44:29	bd4d0b26-7109-405a-9322-a1a6f2f07887	GET	/users	http://localhost:5173
20250527	08:28:46	117a4a2a-d685-4848-a40f-1f82854ee115	GET	/users	http://localhost:5173
20250527	08:31:10	6230d9ee-87c0-4a1f-a505-0b792c25fa60	GET	/users	http://localhost:5173
20250527	08:58:06	4b2c7a92-fad7-4a37-923f-6177ebd639c4	GET	/recipes	http://localhost:5173
20250527	08:58:08	34292163-39e2-4601-abad-4a131a749e5d	GET	/users	http://localhost:5173
20250527	08:59:06	505980a2-6ca1-4ecc-a04c-5e0d0e55c069	GET	/users	http://localhost:5173
20250527	09:00:03	b0502198-4a12-49e9-8f95-d0727959daf4	GET	/users	http://localhost:5173
20250527	09:12:23	9c5ec9ef-c74b-4490-9706-649f25c1cd4e	GET	/users	http://localhost:5173
20250527	09:31:22	64265c05-ee8a-497c-9108-f278187ce6a7	GET	/users	http://localhost:5173
20250527	15:34:49	0f528e1c-f18f-431a-a565-ddfe7eb10b1f	GET	/recipes	undefined
20250527	15:34:51	1d15c034-3a59-41d9-9599-5a3268e86b0a	GET	/favicon.ico	undefined
20250527	16:09:10	b571b7a8-f4c1-49b5-8717-f71be78ed7e5	GET	/users	http://localhost:5173
20250527	16:14:47	ef495eef-3bae-406e-b8e0-9cb2125e52a4	GET	/recipes	http://localhost:5173
20250527	16:14:49	05cff556-22de-4d16-9f48-dd79b4bde300	GET	/users	http://localhost:5173
20250527	16:22:02	439ddb9d-6e4e-4d20-9076-edeabe02f90e	GET	/recipes	http://localhost:5173
20250527	16:22:31	ccf7acf9-dfe4-491f-ad17-f3bfb421bd09	GET	/users	http://localhost:5173
20250527	16:36:55	7fae0c51-8a76-400a-9b32-aa371e1d564a	GET	/recipes	http://localhost:5173
20250527	16:36:57	72402fe6-b207-490c-a021-55f17235ecd9	GET	/users	http://localhost:5173
20250527	16:40:00	659882a8-b560-459e-97f4-d38490be648c	GET	/recipes	http://localhost:5173
20250527	16:40:00	8ba2c7b2-0029-41c9-b6f6-2f447f260059	GET	/users	http://localhost:5173
